-- The C compiler identification is GNU 11.4.0
-- The CXX compiler identification is GNU 11.4.0
-- Detecting C compiler ABI info
-- Detecting C compiler ABI info - done
-- Check for working C compiler: /usr/bin/cc - skipped
-- Detecting C compile features
-- Detecting C compile features - done
-- Detecting CXX compiler ABI info
-- Detecting CXX compiler ABI info - done
-- Check for working CXX compiler: /usr/bin/c++ - skipped
-- Detecting CXX compile features
-- Detecting CXX compile features - done
-- Found ament_cmake: 1.3.14 (/opt/ros/humble/share/ament_cmake/cmake)
-- Found Python3: /usr/bin/python3 (found version "3.10.12") found components: Interpreter 
-- Found rclcpp: 16.0.19 (/opt/ros/humble/share/rclcpp/cmake)
-- Found rosidl_generator_c: 3.1.8 (/opt/ros/humble/share/rosidl_generator_c/cmake)
-- Found rosidl_adapter: 3.1.8 (/opt/ros/humble/share/rosidl_adapter/cmake)
-- Found rosidl_generator_cpp: 3.1.8 (/opt/ros/humble/share/rosidl_generator_cpp/cmake)
-- Using all available rosidl_typesupport_c: rosidl_typesupport_fastrtps_c;rosidl_typesupport_introspection_c
-- Using all available rosidl_typesupport_cpp: rosidl_typesupport_fastrtps_cpp;rosidl_typesupport_introspection_cpp
-- Found rmw_implementation_cmake: 6.1.2 (/opt/ros/humble/share/rmw_implementation_cmake/cmake)
-- Found rmw_fastrtps_cpp: 6.2.10 (/opt/ros/humble/share/rmw_fastrtps_cpp/cmake)
-- Found OpenSSL: /usr/lib/aarch64-linux-gnu/libcrypto.so (found version "3.0.2")  
-- Found FastRTPS: /opt/ros/humble/include  
-- Using RMW implementation 'rmw_fastrtps_cpp' as default
-- Looking for pthread.h
-- Looking for pthread.h - found
-- Performing Test CMAKE_HAVE_LIBC_PTHREAD
-- Performing Test CMAKE_HAVE_LIBC_PTHREAD - Success
-- Found Threads: TRUE  
-- Found std_srvs: 4.9.1 (/opt/ros/humble/share/std_srvs/cmake)
-- Found my_interfaces: 0.0.0 (/home/nvidia/workplace/install/my_interfaces/share/my_interfaces/cmake)
-- Found ament_lint_auto: 0.12.15 (/opt/ros/humble/share/ament_lint_auto/cmake)
-- Added test 'cppcheck' to perform static code analysis on C / C++ code
-- Configured cppcheck include dirs: 
-- Configured cppcheck exclude dirs and/or files: 
-- Added test 'lint_cmake' to check CMake code style
-- Added test 'uncrustify' to check C / C++ code style
-- Configured uncrustify additional arguments: 
-- Added test 'xmllint' to check XML markup files
-- Configuring done
-- Generating done
-- Build files have been written to: /home/nvidia/workplace/src/modbus_tcp_server_cpp/build/modbus_tcp_server_cpp
[ 40%] [32mBuilding CXX object CMakeFiles/modbus_tcp_server_cpp_node.dir/src/modbus_tcp_server_cpp_node.cpp.o[0m
[ 40%] [32mBuilding CXX object CMakeFiles/test_srv_server.dir/src/test_srv_server.cpp.o[0m
[ 60%] [32mBuilding CXX object CMakeFiles/modbus_tcp_server_cpp_node.dir/src/modbustcp/modbustcp_server.cpp.o[0m
In file included from [01m[K/home/nvidia/workplace/src/modbus_tcp_server_cpp/src/modbus_tcp_server_cpp_node.cpp:14[m[K:
[01m[K/home/nvidia/workplace/src/modbus_tcp_server_cpp/src/modbustcp/modbustcp_server.hpp:12:10:[m[K [01;31m[Kfatal error: [m[Klog.hpp: 没有那个文件或目录
   12 | #include [01;31m[K"log.hpp"[m[K
      |          [01;31m[K^~~~~~~~~[m[K
compilation terminated.
In file included from [01m[K/home/nvidia/workplace/src/modbus_tcp_server_cpp/src/modbustcp/modbustcp_server.cpp:1[m[K:
[01m[K/home/nvidia/workplace/src/modbus_tcp_server_cpp/src/modbustcp/modbustcp_server.hpp:12:10:[m[K [01;31m[Kfatal error: [m[Klog.hpp: 没有那个文件或目录
   12 | #include [01;31m[K"log.hpp"[m[K
      |          [01;31m[K^~~~~~~~~[m[K
compilation terminated.
gmake[2]: *** [CMakeFiles/modbus_tcp_server_cpp_node.dir/build.make:76：CMakeFiles/modbus_tcp_server_cpp_node.dir/src/modbus_tcp_server_cpp_node.cpp.o] 错误 1
gmake[2]: *** 正在等待未完成的任务....
gmake[2]: *** [CMakeFiles/modbus_tcp_server_cpp_node.dir/build.make:90：CMakeFiles/modbus_tcp_server_cpp_node.dir/src/modbustcp/modbustcp_server.cpp.o] 错误 1
gmake[1]: *** [CMakeFiles/Makefile2:139：CMakeFiles/modbus_tcp_server_cpp_node.dir/all] 错误 2
gmake[1]: *** 正在等待未完成的任务....
[ 80%] [32m[1mLinking CXX executable test_srv_server[0m
[ 80%] Built target test_srv_server
gmake: *** [Makefile:146：all] 错误 2
