[0.252s] [34mcolcon[0m [1;30mDEBUG[0m [32mCommand line arguments: ['/usr/bin/colcon', 'build', '--packages-select', 'modbus_tcp_server_cpp'][0m
[0.253s] [34mcolcon[0m [1;30mDEBUG[0m [32mParsed command line arguments: Namespace(log_base=None, log_level=None, verb_name='build', build_base='build', install_base='install', merge_install=False, symlink_install=False, test_result_base=None, continue_on_error=False, executor='parallel', parallel_workers=8, event_handlers=None, ignore_user_meta=False, metas=['./colcon.meta'], base_paths=['.'], packages_ignore=None, packages_ignore_regex=None, paths=None, packages_up_to=None, packages_up_to_regex=None, packages_above=None, packages_above_and_dependencies=None, packages_above_depth=None, packages_select_by_dep=None, packages_skip_by_dep=None, packages_skip_up_to=None, packages_select_build_failed=False, packages_skip_build_finished=False, packages_select_test_failures=False, packages_skip_test_passed=False, packages_select=['modbus_tcp_server_cpp'], packages_skip=None, packages_select_regex=None, packages_skip_regex=None, packages_start=None, packages_end=None, allow_overriding=[], cmake_args=None, cmake_target=None, cmake_target_skip_unavailable=False, cmake_clean_cache=False, cmake_clean_first=False, cmake_force_configure=False, ament_cmake_args=None, catkin_cmake_args=None, catkin_skip_building_tests=False, mixin_files=None, mixin=None, verb_parser=<colcon_mixin.mixin.mixin_argument.MixinArgumentDecorator object at 0xffffaafe0ca0>, verb_extension=<colcon_core.verb.build.BuildVerb object at 0xffffaafe0040>, main=<bound method BuildVerb.main of <colcon_core.verb.build.BuildVerb object at 0xffffaafe0040>>, mixin_verb=('build',))[0m
[0.595s] [34mcolcon.colcon_core.package_discovery[0m [1;30mLevel 1[0m discover_packages(colcon_meta) check parameters
[0.595s] [34mcolcon.colcon_core.package_discovery[0m [1;30mLevel 1[0m discover_packages(recursive) check parameters
[0.595s] [34mcolcon.colcon_core.package_discovery[0m [1;30mLevel 1[0m discover_packages(ignore) check parameters
[0.596s] [34mcolcon.colcon_core.package_discovery[0m [1;30mLevel 1[0m discover_packages(path) check parameters
[0.596s] [34mcolcon.colcon_core.package_discovery[0m [1;30mLevel 1[0m discover_packages(colcon_meta) discover
[0.596s] [34mcolcon.colcon_core.package_discovery[0m [1;30mLevel 1[0m discover_packages(recursive) discover
[0.596s] [34mcolcon.colcon_core.package_discovery[0m [1;30mINFO[0m Crawling recursively for packages in '/home/nvidia/workplace/src/modbus_tcp_server_cpp'
[0.596s] [34mcolcon.colcon_core.package_identification[0m [1;30mLevel 1[0m _identify(.) by extensions ['ignore', 'ignore_ament_install']
[0.596s] [34mcolcon.colcon_core.package_identification[0m [1;30mLevel 1[0m _identify(.) by extension 'ignore'
[0.596s] [34mcolcon.colcon_core.package_identification[0m [1;30mLevel 1[0m _identify(.) by extension 'ignore_ament_install'
[0.596s] [34mcolcon.colcon_core.package_identification[0m [1;30mLevel 1[0m _identify(.) by extensions ['colcon_pkg']
[0.597s] [34mcolcon.colcon_core.package_identification[0m [1;30mLevel 1[0m _identify(.) by extension 'colcon_pkg'
[0.597s] [34mcolcon.colcon_core.package_identification[0m [1;30mLevel 1[0m _identify(.) by extensions ['colcon_meta']
[0.597s] [34mcolcon.colcon_core.package_identification[0m [1;30mLevel 1[0m _identify(.) by extension 'colcon_meta'
[0.597s] [34mcolcon.colcon_core.package_identification[0m [1;30mLevel 1[0m _identify(.) by extensions ['ros']
[0.597s] [34mcolcon.colcon_core.package_identification[0m [1;30mLevel 1[0m _identify(.) by extension 'ros'
[0.649s] [34mcolcon.colcon_core.package_identification[0m [1;30mDEBUG[0m [32mPackage '.' with type 'ros.ament_cmake' and name 'modbus_tcp_server_cpp'[0m
[0.649s] [34mcolcon.colcon_core.package_discovery[0m [1;30mLevel 1[0m discover_packages(recursive) using defaults
[0.649s] [34mcolcon.colcon_core.package_discovery[0m [1;30mLevel 1[0m discover_packages(ignore) discover
[0.649s] [34mcolcon.colcon_core.package_discovery[0m [1;30mLevel 1[0m discover_packages(ignore) using defaults
[0.649s] [34mcolcon.colcon_core.package_discovery[0m [1;30mLevel 1[0m discover_packages(path) discover
[0.649s] [34mcolcon.colcon_core.package_discovery[0m [1;30mLevel 1[0m discover_packages(path) using defaults
[0.680s] [34mcolcon.colcon_core.package_discovery[0m [1;30mLevel 1[0m discover_packages(prefix_path) check parameters
[0.680s] [34mcolcon.colcon_core.package_discovery[0m [1;30mLevel 1[0m discover_packages(prefix_path) discover
[0.691s] [34mcolcon.colcon_installed_package_information.package_discovery[0m [1;30mDEBUG[0m [32mFound 4 installed packages in /home/nvidia/workplace/install[0m
[0.692s] [34mcolcon.colcon_installed_package_information.package_discovery[0m [1;30mDEBUG[0m [32mFound 19 installed packages in /home/nvidia/raybot_core_ws/install[0m
[0.696s] [34mcolcon.colcon_installed_package_information.package_discovery[0m [1;30mDEBUG[0m [32mFound 58 installed packages in /home/nvidia/ws_moveit/install[0m
[0.698s] [34mcolcon.colcon_installed_package_information.package_discovery[0m [1;30mDEBUG[0m [32mFound 23 installed packages in /home/nvidia/ws_gazebo/install[0m
[0.700s] [34mcolcon.colcon_installed_package_information.package_discovery[0m [1;30mDEBUG[0m [32mFound 373 installed packages in /opt/ros/humble[0m
[0.703s] [34mcolcon.colcon_core.package_discovery[0m [1;30mLevel 1[0m discover_packages(prefix_path) using defaults
[0.793s] [34mcolcon.colcon_core.verb[0m [1;30mLevel 5[0m set package 'modbus_tcp_server_cpp' build argument 'cmake_args' from command line to 'None'
[0.793s] [34mcolcon.colcon_core.verb[0m [1;30mLevel 5[0m set package 'modbus_tcp_server_cpp' build argument 'cmake_target' from command line to 'None'
[0.793s] [34mcolcon.colcon_core.verb[0m [1;30mLevel 5[0m set package 'modbus_tcp_server_cpp' build argument 'cmake_target_skip_unavailable' from command line to 'False'
[0.793s] [34mcolcon.colcon_core.verb[0m [1;30mLevel 5[0m set package 'modbus_tcp_server_cpp' build argument 'cmake_clean_cache' from command line to 'False'
[0.793s] [34mcolcon.colcon_core.verb[0m [1;30mLevel 5[0m set package 'modbus_tcp_server_cpp' build argument 'cmake_clean_first' from command line to 'False'
[0.793s] [34mcolcon.colcon_core.verb[0m [1;30mLevel 5[0m set package 'modbus_tcp_server_cpp' build argument 'cmake_force_configure' from command line to 'False'
[0.793s] [34mcolcon.colcon_core.verb[0m [1;30mLevel 5[0m set package 'modbus_tcp_server_cpp' build argument 'ament_cmake_args' from command line to 'None'
[0.793s] [34mcolcon.colcon_core.verb[0m [1;30mLevel 5[0m set package 'modbus_tcp_server_cpp' build argument 'catkin_cmake_args' from command line to 'None'
[0.793s] [34mcolcon.colcon_core.verb[0m [1;30mLevel 5[0m set package 'modbus_tcp_server_cpp' build argument 'catkin_skip_building_tests' from command line to 'False'
[0.793s] [34mcolcon.colcon_core.verb[0m [1;30mDEBUG[0m [32mBuilding package 'modbus_tcp_server_cpp' with the following arguments: {'ament_cmake_args': None, 'build_base': '/home/nvidia/workplace/src/modbus_tcp_server_cpp/build/modbus_tcp_server_cpp', 'catkin_cmake_args': None, 'catkin_skip_building_tests': False, 'cmake_args': None, 'cmake_clean_cache': False, 'cmake_clean_first': False, 'cmake_force_configure': False, 'cmake_target': None, 'cmake_target_skip_unavailable': False, 'install_base': '/home/nvidia/workplace/src/modbus_tcp_server_cpp/install/modbus_tcp_server_cpp', 'merge_install': False, 'path': '/home/nvidia/workplace/src/modbus_tcp_server_cpp', 'symlink_install': False, 'test_result_base': None}[0m
[0.794s] [34mcolcon.colcon_core.executor[0m [1;30mINFO[0m Executing jobs using 'parallel' executor
[0.796s] [34mcolcon.colcon_parallel_executor.executor.parallel[0m [1;30mDEBUG[0m [32mrun_until_complete[0m
[0.797s] [34mcolcon.colcon_ros.task.ament_cmake.build[0m [1;30mINFO[0m Building ROS package in '/home/nvidia/workplace/src/modbus_tcp_server_cpp' with build type 'ament_cmake'
[0.797s] [34mcolcon.colcon_cmake.task.cmake.build[0m [1;30mINFO[0m Building CMake package in '/home/nvidia/workplace/src/modbus_tcp_server_cpp'
[0.801s] [34mcolcon.colcon_core.plugin_system[0m [1;30mINFO[0m Skipping extension 'colcon_core.shell.bat': Not used on non-Windows systems
[0.801s] [34mcolcon.colcon_core.shell[0m [1;30mINFO[0m Skip shell extension 'powershell' for command environment: Not usable outside of PowerShell
[0.801s] [34mcolcon.colcon_core.shell[0m [1;30mDEBUG[0m [32mSkip shell extension 'dsv' for command environment[0m
[0.834s] [34mcolcon.colcon_core.event_handler.log_command[0m [1;30mDEBUG[0m [32mInvoking command in '/home/nvidia/workplace/src/modbus_tcp_server_cpp/build/modbus_tcp_server_cpp': CMAKE_PREFIX_PATH=${CMAKE_PREFIX_PATH}:/home/nvidia/raybot_core_ws/install/raybot_teleop:/home/nvidia/ws_moveit/install/moveit_configs_utils:/home/nvidia/ws_moveit/install/launch_param_builder:/opt/ros/humble:/home/nvidia/workplace/install/modbus_server_package /usr/bin/cmake /home/nvidia/workplace/src/modbus_tcp_server_cpp -DCMAKE_INSTALL_PREFIX=/home/nvidia/workplace/src/modbus_tcp_server_cpp/install/modbus_tcp_server_cpp[0m
[4.841s] [34mcolcon.colcon_core.event_handler.log_command[0m [1;30mDEBUG[0m [32mInvoked command in '/home/nvidia/workplace/src/modbus_tcp_server_cpp/build/modbus_tcp_server_cpp' returned '0': CMAKE_PREFIX_PATH=${CMAKE_PREFIX_PATH}:/home/nvidia/raybot_core_ws/install/raybot_teleop:/home/nvidia/ws_moveit/install/moveit_configs_utils:/home/nvidia/ws_moveit/install/launch_param_builder:/opt/ros/humble:/home/nvidia/workplace/install/modbus_server_package /usr/bin/cmake /home/nvidia/workplace/src/modbus_tcp_server_cpp -DCMAKE_INSTALL_PREFIX=/home/nvidia/workplace/src/modbus_tcp_server_cpp/install/modbus_tcp_server_cpp[0m
[4.846s] [34mcolcon.colcon_core.event_handler.log_command[0m [1;30mDEBUG[0m [32mInvoking command in '/home/nvidia/workplace/src/modbus_tcp_server_cpp/build/modbus_tcp_server_cpp': CMAKE_PREFIX_PATH=${CMAKE_PREFIX_PATH}:/home/nvidia/raybot_core_ws/install/raybot_teleop:/home/nvidia/ws_moveit/install/moveit_configs_utils:/home/nvidia/ws_moveit/install/launch_param_builder:/opt/ros/humble:/home/nvidia/workplace/install/modbus_server_package /usr/bin/cmake --build /home/nvidia/workplace/src/modbus_tcp_server_cpp/build/modbus_tcp_server_cpp -- -j8 -l8[0m
[11.753s] [34mcolcon.colcon_core.event_handler.log_command[0m [1;30mDEBUG[0m [32mInvoked command in '/home/nvidia/workplace/src/modbus_tcp_server_cpp/build/modbus_tcp_server_cpp' returned '2': CMAKE_PREFIX_PATH=${CMAKE_PREFIX_PATH}:/home/nvidia/raybot_core_ws/install/raybot_teleop:/home/nvidia/ws_moveit/install/moveit_configs_utils:/home/nvidia/ws_moveit/install/launch_param_builder:/opt/ros/humble:/home/nvidia/workplace/install/modbus_server_package /usr/bin/cmake --build /home/nvidia/workplace/src/modbus_tcp_server_cpp/build/modbus_tcp_server_cpp -- -j8 -l8[0m
[11.755s] [34mcolcon.colcon_core.environment[0m [1;30mLevel 1[0m create_environment_scripts_only(modbus_tcp_server_cpp)
[11.765s] [34mcolcon.colcon_core.environment[0m [1;30mLevel 1[0m checking '/home/nvidia/workplace/src/modbus_tcp_server_cpp/install/modbus_tcp_server_cpp' for CMake module files
[11.767s] [34mcolcon.colcon_core.environment[0m [1;30mLevel 1[0m checking '/home/nvidia/workplace/src/modbus_tcp_server_cpp/install/modbus_tcp_server_cpp' for CMake config files
[11.768s] [34mcolcon.colcon_core.environment[0m [1;30mLevel 1[0m checking '/home/nvidia/workplace/src/modbus_tcp_server_cpp/install/modbus_tcp_server_cpp/bin'
[11.769s] [34mcolcon.colcon_core.environment[0m [1;30mLevel 1[0m checking '/home/nvidia/workplace/src/modbus_tcp_server_cpp/install/modbus_tcp_server_cpp/lib/pkgconfig/modbus_tcp_server_cpp.pc'
[11.770s] [34mcolcon.colcon_core.environment[0m [1;30mLevel 1[0m checking '/home/nvidia/workplace/src/modbus_tcp_server_cpp/install/modbus_tcp_server_cpp/lib/python3.10/site-packages'
[11.771s] [34mcolcon.colcon_core.environment[0m [1;30mLevel 1[0m checking '/home/nvidia/workplace/src/modbus_tcp_server_cpp/install/modbus_tcp_server_cpp/bin'
[11.772s] [34mcolcon.colcon_core.shell[0m [1;30mINFO[0m Creating package script '/home/nvidia/workplace/src/modbus_tcp_server_cpp/install/modbus_tcp_server_cpp/share/modbus_tcp_server_cpp/package.ps1'
[11.776s] [34mcolcon.colcon_core.shell[0m [1;30mINFO[0m Creating package descriptor '/home/nvidia/workplace/src/modbus_tcp_server_cpp/install/modbus_tcp_server_cpp/share/modbus_tcp_server_cpp/package.dsv'
[11.778s] [34mcolcon.colcon_core.shell[0m [1;30mINFO[0m Creating package script '/home/nvidia/workplace/src/modbus_tcp_server_cpp/install/modbus_tcp_server_cpp/share/modbus_tcp_server_cpp/package.sh'
[11.780s] [34mcolcon.colcon_core.shell[0m [1;30mINFO[0m Creating package script '/home/nvidia/workplace/src/modbus_tcp_server_cpp/install/modbus_tcp_server_cpp/share/modbus_tcp_server_cpp/package.bash'
[11.783s] [34mcolcon.colcon_core.shell[0m [1;30mINFO[0m Creating package script '/home/nvidia/workplace/src/modbus_tcp_server_cpp/install/modbus_tcp_server_cpp/share/modbus_tcp_server_cpp/package.zsh'
[11.786s] [34mcolcon.colcon_core.environment[0m [1;30mLevel 1[0m create_file_with_runtime_dependencies(/home/nvidia/workplace/src/modbus_tcp_server_cpp/install/modbus_tcp_server_cpp/share/colcon-core/packages/modbus_tcp_server_cpp)
[11.798s] [34mcolcon.colcon_parallel_executor.executor.parallel[0m [1;30mDEBUG[0m [32mclosing loop[0m
[11.798s] [34mcolcon.colcon_parallel_executor.executor.parallel[0m [1;30mDEBUG[0m [32mloop closed[0m
[11.798s] [34mcolcon.colcon_parallel_executor.executor.parallel[0m [1;30mDEBUG[0m [32mrun_until_complete finished with '2'[0m
[11.799s] [34mcolcon.colcon_core.event_reactor[0m [1;30mDEBUG[0m [32mjoining thread[0m
[11.822s] [34mcolcon.colcon_core.plugin_system[0m [1;30mINFO[0m Skipping extension 'colcon_notification.desktop_notification.terminal_notifier': Not used on non-Darwin systems
[11.822s] [34mcolcon.colcon_core.plugin_system[0m [1;30mINFO[0m Skipping extension 'colcon_notification.desktop_notification.win32': Not used on non-Windows systems
[11.823s] [34mcolcon.colcon_notification.desktop_notification[0m [1;30mINFO[0m Sending desktop notification using 'notify2'
[11.859s] [34mcolcon.colcon_core.event_reactor[0m [1;30mDEBUG[0m [32mjoined thread[0m
[11.861s] [34mcolcon.colcon_core.shell[0m [1;30mINFO[0m Creating prefix script '/home/nvidia/workplace/src/modbus_tcp_server_cpp/install/local_setup.ps1'
[11.865s] [34mcolcon.colcon_core.shell[0m [1;30mINFO[0m Creating prefix util module '/home/nvidia/workplace/src/modbus_tcp_server_cpp/install/_local_setup_util_ps1.py'
[11.868s] [34mcolcon.colcon_core.shell[0m [1;30mINFO[0m Creating prefix chain script '/home/nvidia/workplace/src/modbus_tcp_server_cpp/install/setup.ps1'
[11.888s] [34mcolcon.colcon_core.shell[0m [1;30mINFO[0m Creating prefix script '/home/nvidia/workplace/src/modbus_tcp_server_cpp/install/local_setup.sh'
[11.890s] [34mcolcon.colcon_core.shell[0m [1;30mINFO[0m Creating prefix util module '/home/nvidia/workplace/src/modbus_tcp_server_cpp/install/_local_setup_util_sh.py'
[11.892s] [34mcolcon.colcon_core.shell[0m [1;30mINFO[0m Creating prefix chain script '/home/nvidia/workplace/src/modbus_tcp_server_cpp/install/setup.sh'
[11.910s] [34mcolcon.colcon_core.shell[0m [1;30mINFO[0m Creating prefix script '/home/nvidia/workplace/src/modbus_tcp_server_cpp/install/local_setup.bash'
[11.912s] [34mcolcon.colcon_core.shell[0m [1;30mINFO[0m Creating prefix chain script '/home/nvidia/workplace/src/modbus_tcp_server_cpp/install/setup.bash'
[11.927s] [34mcolcon.colcon_core.shell[0m [1;30mINFO[0m Creating prefix script '/home/nvidia/workplace/src/modbus_tcp_server_cpp/install/local_setup.zsh'
[11.928s] [34mcolcon.colcon_core.shell[0m [1;30mINFO[0m Creating prefix chain script '/home/nvidia/workplace/src/modbus_tcp_server_cpp/install/setup.zsh'
